2025-01-26T22:04:00.376725Z [info     ] 2025-01-26 19:04:00,376 | INFO     | target-csv           | Target 'target-csv' is listening for input from tap. cmd_type=elb consumer=True job_name=dev:tap-postgres-to-target-csv name=target-csv producer=False run_id=f4a453f5-9922-4998-8722-9e7f9d75ba3f stdio=stderr string_id=target-csv
2025-01-26T22:04:00.381070Z [info     ] 2025-01-26 19:04:00,380 | INFO     | tap-postgres.public-categories | Beginning full_table sync of 'public-categories'... cmd_type=elb consumer=False job_name=dev:tap-postgres-to-target-csv name=tap-postgres producer=True run_id=f4a453f5-9922-4998-8722-9e7f9d75ba3f stdio=stderr string_id=tap-postgres
2025-01-26T22:04:00.381345Z [info     ] 2025-01-26 19:04:00,381 | INFO     | tap-postgres.public-categories | Tap has custom mapper. Using 1 provided map(s). cmd_type=elb consumer=False job_name=dev:tap-postgres-to-target-csv name=tap-postgres producer=True run_id=f4a453f5-9922-4998-8722-9e7f9d75ba3f stdio=stderr string_id=tap-postgres
2025-01-26T22:04:00.381702Z [info     ] 2025-01-26 19:04:00,381 | INFO     | target-csv           | Initializing 'target-csv' target sink... cmd_type=elb consumer=True job_name=dev:tap-postgres-to-target-csv name=target-csv producer=False run_id=f4a453f5-9922-4998-8722-9e7f9d75ba3f stdio=stderr string_id=target-csv
2025-01-26T22:04:00.381894Z [info     ] 2025-01-26 19:04:00,381 | INFO     | target-csv.categories | Initializing target sink for stream 'categories'... cmd_type=elb consumer=True job_name=dev:tap-postgres-to-target-csv name=target-csv producer=False run_id=f4a453f5-9922-4998-8722-9e7f9d75ba3f stdio=stderr string_id=target-csv
2025-01-26T22:04:00.383912Z [info     ] 2025-01-26 19:04:00,383 | INFO     | target-csv.categories | Setting up categories cmd_type=elb consumer=True job_name=dev:tap-postgres-to-target-csv name=target-csv producer=False run_id=f4a453f5-9922-4998-8722-9e7f9d75ba3f stdio=stderr string_id=target-csv
2025-01-26T22:04:00.415958Z [info     ] 2025-01-26 19:04:00,415 | INFO     | singer_sdk.metrics   | METRIC: {"type": "timer", "metric": "sync_duration", "value": 0.03436565399169922, "tags": {"stream": "public-categories", "pid": 41723, "context": {}, "status": "succeeded"}} cmd_type=elb consumer=False job_name=dev:tap-postgres-to-target-csv name=tap-postgres producer=True run_id=f4a453f5-9922-4998-8722-9e7f9d75ba3f stdio=stderr string_id=tap-postgres
2025-01-26T22:04:00.416226Z [info     ] 2025-01-26 19:04:00,415 | INFO     | singer_sdk.metrics   | METRIC: {"type": "counter", "metric": "record_count", "value": 8, "tags": {"stream": "public-categories", "pid": 41723, "context": {}}} cmd_type=elb consumer=False job_name=dev:tap-postgres-to-target-csv name=tap-postgres producer=True run_id=f4a453f5-9922-4998-8722-9e7f9d75ba3f stdio=stderr string_id=tap-postgres
2025-01-26T22:04:00.416326Z [info     ] 2025-01-26 19:04:00,416 | INFO     | tap-postgres.public-customer_customer_demo | Beginning full_table sync of 'public-customer_customer_demo'... cmd_type=elb consumer=False job_name=dev:tap-postgres-to-target-csv name=tap-postgres producer=True run_id=f4a453f5-9922-4998-8722-9e7f9d75ba3f stdio=stderr string_id=tap-postgres
2025-01-26T22:04:00.416440Z [info     ] 2025-01-26 19:04:00,416 | INFO     | tap-postgres.public-customer_customer_demo | Tap has custom mapper. Using 1 provided map(s). cmd_type=elb consumer=False job_name=dev:tap-postgres-to-target-csv name=tap-postgres producer=True run_id=f4a453f5-9922-4998-8722-9e7f9d75ba3f stdio=stderr string_id=tap-postgres
2025-01-26T22:04:00.416777Z [info     ] 2025-01-26 19:04:00,416 | INFO     | target-csv           | Initializing 'target-csv' target sink... cmd_type=elb consumer=True job_name=dev:tap-postgres-to-target-csv name=target-csv producer=False run_id=f4a453f5-9922-4998-8722-9e7f9d75ba3f stdio=stderr string_id=target-csv
2025-01-26T22:04:00.416895Z [info     ] 2025-01-26 19:04:00,416 | INFO     | target-csv.customer_customer_demo | Initializing target sink for stream 'customer_customer_demo'... cmd_type=elb consumer=True job_name=dev:tap-postgres-to-target-csv name=target-csv producer=False run_id=f4a453f5-9922-4998-8722-9e7f9d75ba3f stdio=stderr string_id=target-csv
2025-01-26T22:04:00.417979Z [info     ] 2025-01-26 19:04:00,417 | INFO     | target-csv.customer_customer_demo | Setting up customer_customer_demo cmd_type=elb consumer=True job_name=dev:tap-postgres-to-target-csv name=target-csv producer=False run_id=f4a453f5-9922-4998-8722-9e7f9d75ba3f stdio=stderr string_id=target-csv
2025-01-26T22:04:00.420875Z [info     ] 2025-01-26 19:04:00,420 | WARNING  | py.warnings          | /home/victor/Desktop/TESTE/code-challenge/.meltano/extractors/tap-postgres/venv/lib/python3.11/site-packages/singer_sdk/connectors/sql.py:1116: SAWarning: Did not recognize type 'bpchar' of column 'customer_id' cmd_type=elb consumer=False job_name=dev:tap-postgres-to-target-csv name=tap-postgres producer=True run_id=f4a453f5-9922-4998-8722-9e7f9d75ba3f stdio=stderr string_id=tap-postgres
2025-01-26T22:04:00.421019Z [info     ]   columns = inspector.get_columns(table_name, schema_name) cmd_type=elb consumer=False job_name=dev:tap-postgres-to-target-csv name=tap-postgres producer=True run_id=f4a453f5-9922-4998-8722-9e7f9d75ba3f stdio=stderr string_id=tap-postgres
2025-01-26T22:04:00.421120Z [info     ]                                cmd_type=elb consumer=False job_name=dev:tap-postgres-to-target-csv name=tap-postgres producer=True run_id=f4a453f5-9922-4998-8722-9e7f9d75ba3f stdio=stderr string_id=tap-postgres
2025-01-26T22:04:00.421242Z [info     ] 2025-01-26 19:04:00,420 | WARNING  | py.warnings          | /home/victor/Desktop/TESTE/code-challenge/.meltano/extractors/tap-postgres/venv/lib/python3.11/site-packages/singer_sdk/connectors/sql.py:1116: SAWarning: Did not recognize type 'bpchar' of column 'customer_type_id' cmd_type=elb consumer=False job_name=dev:tap-postgres-to-target-csv name=tap-postgres producer=True run_id=f4a453f5-9922-4998-8722-9e7f9d75ba3f stdio=stderr string_id=tap-postgres
2025-01-26T22:04:00.421343Z [info     ]   columns = inspector.get_columns(table_name, schema_name) cmd_type=elb consumer=False job_name=dev:tap-postgres-to-target-csv name=tap-postgres producer=True run_id=f4a453f5-9922-4998-8722-9e7f9d75ba3f stdio=stderr string_id=tap-postgres
2025-01-26T22:04:00.421437Z [info     ]                                cmd_type=elb consumer=False job_name=dev:tap-postgres-to-target-csv name=tap-postgres producer=True run_id=f4a453f5-9922-4998-8722-9e7f9d75ba3f stdio=stderr string_id=tap-postgres
2025-01-26T22:04:00.424698Z [info     ] 2025-01-26 19:04:00,424 | INFO     | singer_sdk.metrics   | METRIC: {"type": "timer", "metric": "sync_duration", "value": 0.008202075958251953, "tags": {"stream": "public-customer_customer_demo", "pid": 41723, "context": {}, "status": "succeeded"}} cmd_type=elb consumer=False job_name=dev:tap-postgres-to-target-csv name=tap-postgres producer=True run_id=f4a453f5-9922-4998-8722-9e7f9d75ba3f stdio=stderr string_id=tap-postgres
2025-01-26T22:04:00.424878Z [info     ] 2025-01-26 19:04:00,424 | INFO     | singer_sdk.metrics   | METRIC: {"type": "counter", "metric": "record_count", "value": 0, "tags": {"stream": "public-customer_customer_demo", "pid": 41723, "context": {}}} cmd_type=elb consumer=False job_name=dev:tap-postgres-to-target-csv name=tap-postgres producer=True run_id=f4a453f5-9922-4998-8722-9e7f9d75ba3f stdio=stderr string_id=tap-postgres
2025-01-26T22:04:00.424976Z [info     ] 2025-01-26 19:04:00,424 | INFO     | tap-postgres.public-customer_demographics | Beginning full_table sync of 'public-customer_demographics'... cmd_type=elb consumer=False job_name=dev:tap-postgres-to-target-csv name=tap-postgres producer=True run_id=f4a453f5-9922-4998-8722-9e7f9d75ba3f stdio=stderr string_id=tap-postgres
2025-01-26T22:04:00.425120Z [info     ] 2025-01-26 19:04:00,424 | INFO     | tap-postgres.public-customer_demographics | Tap has custom mapper. Using 1 provided map(s). cmd_type=elb consumer=False job_name=dev:tap-postgres-to-target-csv name=tap-postgres producer=True run_id=f4a453f5-9922-4998-8722-9e7f9d75ba3f stdio=stderr string_id=tap-postgres
2025-01-26T22:04:00.425428Z [info     ] 2025-01-26 19:04:00,425 | INFO     | target-csv           | Initializing 'target-csv' target sink... cmd_type=elb consumer=True job_name=dev:tap-postgres-to-target-csv name=target-csv producer=False run_id=f4a453f5-9922-4998-8722-9e7f9d75ba3f stdio=stderr string_id=target-csv
2025-01-26T22:04:00.425563Z [info     ] 2025-01-26 19:04:00,425 | INFO     | target-csv.customer_demographics | Initializing target sink for stream 'customer_demographics'... cmd_type=elb consumer=True job_name=dev:tap-postgres-to-target-csv name=target-csv producer=False run_id=f4a453f5-9922-4998-8722-9e7f9d75ba3f stdio=stderr string_id=target-csv
2025-01-26T22:04:00.426847Z [info     ] 2025-01-26 19:04:00,426 | INFO     | target-csv.customer_demographics | Setting up customer_demographics cmd_type=elb consumer=True job_name=dev:tap-postgres-to-target-csv name=target-csv producer=False run_id=f4a453f5-9922-4998-8722-9e7f9d75ba3f stdio=stderr string_id=target-csv
2025-01-26T22:04:00.432626Z [info     ] 2025-01-26 19:04:00,432 | INFO     | singer_sdk.metrics   | METRIC: {"type": "timer", "metric": "sync_duration", "value": 0.007439136505126953, "tags": {"stream": "public-customer_demographics", "pid": 41723, "context": {}, "status": "succeeded"}} cmd_type=elb consumer=False job_name=dev:tap-postgres-to-target-csv name=tap-postgres producer=True run_id=f4a453f5-9922-4998-8722-9e7f9d75ba3f stdio=stderr string_id=tap-postgres
2025-01-26T22:04:00.432923Z [info     ] 2025-01-26 19:04:00,432 | INFO     | singer_sdk.metrics   | METRIC: {"type": "counter", "metric": "record_count", "value": 0, "tags": {"stream": "public-customer_demographics", "pid": 41723, "context": {}}} cmd_type=elb consumer=False job_name=dev:tap-postgres-to-target-csv name=tap-postgres producer=True run_id=f4a453f5-9922-4998-8722-9e7f9d75ba3f stdio=stderr string_id=tap-postgres
2025-01-26T22:04:00.433166Z [info     ] 2025-01-26 19:04:00,432 | INFO     | tap-postgres.public-customers | Beginning full_table sync of 'public-customers'... cmd_type=elb consumer=False job_name=dev:tap-postgres-to-target-csv name=tap-postgres producer=True run_id=f4a453f5-9922-4998-8722-9e7f9d75ba3f stdio=stderr string_id=tap-postgres
2025-01-26T22:04:00.433317Z [info     ] 2025-01-26 19:04:00,432 | INFO     | tap-postgres.public-customers | Tap has custom mapper. Using 1 provided map(s). cmd_type=elb consumer=False job_name=dev:tap-postgres-to-target-csv name=tap-postgres producer=True run_id=f4a453f5-9922-4998-8722-9e7f9d75ba3f stdio=stderr string_id=tap-postgres
2025-01-26T22:04:00.433492Z [info     ] 2025-01-26 19:04:00,433 | INFO     | target-csv           | Initializing 'target-csv' target sink... cmd_type=elb consumer=True job_name=dev:tap-postgres-to-target-csv name=target-csv producer=False run_id=f4a453f5-9922-4998-8722-9e7f9d75ba3f stdio=stderr string_id=target-csv
2025-01-26T22:04:00.433660Z [info     ] 2025-01-26 19:04:00,433 | INFO     | target-csv.customers | Initializing target sink for stream 'customers'... cmd_type=elb consumer=True job_name=dev:tap-postgres-to-target-csv name=target-csv producer=False run_id=f4a453f5-9922-4998-8722-9e7f9d75ba3f stdio=stderr string_id=target-csv
2025-01-26T22:04:00.437796Z [info     ] 2025-01-26 19:04:00,437 | INFO     | target-csv.customers | Setting up customers cmd_type=elb consumer=True job_name=dev:tap-postgres-to-target-csv name=target-csv producer=False run_id=f4a453f5-9922-4998-8722-9e7f9d75ba3f stdio=stderr string_id=target-csv
2025-01-26T22:04:00.446658Z [info     ] 2025-01-26 19:04:00,446 | INFO     | singer_sdk.metrics   | METRIC: {"type": "timer", "metric": "sync_duration", "value": 0.013478279113769531, "tags": {"stream": "public-customers", "pid": 41723, "context": {}, "status": "succeeded"}} cmd_type=elb consumer=False job_name=dev:tap-postgres-to-target-csv name=tap-postgres producer=True run_id=f4a453f5-9922-4998-8722-9e7f9d75ba3f stdio=stderr string_id=tap-postgres
2025-01-26T22:04:00.446928Z [info     ] 2025-01-26 19:04:00,446 | INFO     | singer_sdk.metrics   | METRIC: {"type": "counter", "metric": "record_count", "value": 91, "tags": {"stream": "public-customers", "pid": 41723, "context": {}}} cmd_type=elb consumer=False job_name=dev:tap-postgres-to-target-csv name=tap-postgres producer=True run_id=f4a453f5-9922-4998-8722-9e7f9d75ba3f stdio=stderr string_id=tap-postgres
2025-01-26T22:04:00.447104Z [info     ] 2025-01-26 19:04:00,446 | INFO     | tap-postgres.public-employee_territories | Beginning full_table sync of 'public-employee_territories'... cmd_type=elb consumer=False job_name=dev:tap-postgres-to-target-csv name=tap-postgres producer=True run_id=f4a453f5-9922-4998-8722-9e7f9d75ba3f stdio=stderr string_id=tap-postgres
2025-01-26T22:04:00.447268Z [info     ] 2025-01-26 19:04:00,446 | INFO     | tap-postgres.public-employee_territories | Tap has custom mapper. Using 1 provided map(s). cmd_type=elb consumer=False job_name=dev:tap-postgres-to-target-csv name=tap-postgres producer=True run_id=f4a453f5-9922-4998-8722-9e7f9d75ba3f stdio=stderr string_id=tap-postgres
2025-01-26T22:04:00.447805Z [info     ] 2025-01-26 19:04:00,447 | INFO     | target-csv           | Initializing 'target-csv' target sink... cmd_type=elb consumer=True job_name=dev:tap-postgres-to-target-csv name=target-csv producer=False run_id=f4a453f5-9922-4998-8722-9e7f9d75ba3f stdio=stderr string_id=target-csv
2025-01-26T22:04:00.447951Z [info     ] 2025-01-26 19:04:00,447 | INFO     | target-csv.employee_territories | Initializing target sink for stream 'employee_territories'... cmd_type=elb consumer=True job_name=dev:tap-postgres-to-target-csv name=target-csv producer=False run_id=f4a453f5-9922-4998-8722-9e7f9d75ba3f stdio=stderr string_id=target-csv
2025-01-26T22:04:00.448934Z [info     ] 2025-01-26 19:04:00,448 | INFO     | target-csv.employee_territories | Setting up employee_territories cmd_type=elb consumer=True job_name=dev:tap-postgres-to-target-csv name=target-csv producer=False run_id=f4a453f5-9922-4998-8722-9e7f9d75ba3f stdio=stderr string_id=target-csv
2025-01-26T22:04:00.458400Z [info     ] 2025-01-26 19:04:00,458 | INFO     | singer_sdk.metrics   | METRIC: {"type": "timer", "metric": "sync_duration", "value": 0.01103663444519043, "tags": {"stream": "public-employee_territories", "pid": 41723, "context": {}, "status": "succeeded"}} cmd_type=elb consumer=False job_name=dev:tap-postgres-to-target-csv name=tap-postgres producer=True run_id=f4a453f5-9922-4998-8722-9e7f9d75ba3f stdio=stderr string_id=tap-postgres
2025-01-26T22:04:00.458619Z [info     ] 2025-01-26 19:04:00,458 | INFO     | singer_sdk.metrics   | METRIC: {"type": "counter", "metric": "record_count", "value": 49, "tags": {"stream": "public-employee_territories", "pid": 41723, "context": {}}} cmd_type=elb consumer=False job_name=dev:tap-postgres-to-target-csv name=tap-postgres producer=True run_id=f4a453f5-9922-4998-8722-9e7f9d75ba3f stdio=stderr string_id=tap-postgres
2025-01-26T22:04:00.458753Z [info     ] 2025-01-26 19:04:00,458 | INFO     | tap-postgres.public-employees | Beginning full_table sync of 'public-employees'... cmd_type=elb consumer=False job_name=dev:tap-postgres-to-target-csv name=tap-postgres producer=True run_id=f4a453f5-9922-4998-8722-9e7f9d75ba3f stdio=stderr string_id=tap-postgres
2025-01-26T22:04:00.458842Z [info     ] 2025-01-26 19:04:00,458 | INFO     | tap-postgres.public-employees | Tap has custom mapper. Using 1 provided map(s). cmd_type=elb consumer=False job_name=dev:tap-postgres-to-target-csv name=tap-postgres producer=True run_id=f4a453f5-9922-4998-8722-9e7f9d75ba3f stdio=stderr string_id=tap-postgres
2025-01-26T22:04:00.459160Z [info     ] 2025-01-26 19:04:00,459 | INFO     | target-csv           | Initializing 'target-csv' target sink... cmd_type=elb consumer=True job_name=dev:tap-postgres-to-target-csv name=target-csv producer=False run_id=f4a453f5-9922-4998-8722-9e7f9d75ba3f stdio=stderr string_id=target-csv
2025-01-26T22:04:00.459286Z [info     ] 2025-01-26 19:04:00,459 | INFO     | target-csv.employees | Initializing target sink for stream 'employees'... cmd_type=elb consumer=True job_name=dev:tap-postgres-to-target-csv name=target-csv producer=False run_id=f4a453f5-9922-4998-8722-9e7f9d75ba3f stdio=stderr string_id=target-csv
2025-01-26T22:04:00.465030Z [info     ] 2025-01-26 19:04:00,464 | INFO     | target-csv.employees | Setting up employees cmd_type=elb consumer=True job_name=dev:tap-postgres-to-target-csv name=target-csv producer=False run_id=f4a453f5-9922-4998-8722-9e7f9d75ba3f stdio=stderr string_id=target-csv
2025-01-26T22:04:00.469586Z [info     ] 2025-01-26 19:04:00,469 | INFO     | singer_sdk.metrics   | METRIC: {"type": "timer", "metric": "sync_duration", "value": 0.010523319244384766, "tags": {"stream": "public-employees", "pid": 41723, "context": {}, "status": "succeeded"}} cmd_type=elb consumer=False job_name=dev:tap-postgres-to-target-csv name=tap-postgres producer=True run_id=f4a453f5-9922-4998-8722-9e7f9d75ba3f stdio=stderr string_id=tap-postgres
2025-01-26T22:04:00.469845Z [info     ] 2025-01-26 19:04:00,469 | INFO     | singer_sdk.metrics   | METRIC: {"type": "counter", "metric": "record_count", "value": 9, "tags": {"stream": "public-employees", "pid": 41723, "context": {}}} cmd_type=elb consumer=False job_name=dev:tap-postgres-to-target-csv name=tap-postgres producer=True run_id=f4a453f5-9922-4998-8722-9e7f9d75ba3f stdio=stderr string_id=tap-postgres
2025-01-26T22:04:00.469977Z [info     ] 2025-01-26 19:04:00,469 | INFO     | tap-postgres.public-orders | Beginning full_table sync of 'public-orders'... cmd_type=elb consumer=False job_name=dev:tap-postgres-to-target-csv name=tap-postgres producer=True run_id=f4a453f5-9922-4998-8722-9e7f9d75ba3f stdio=stderr string_id=tap-postgres
2025-01-26T22:04:00.470101Z [info     ] 2025-01-26 19:04:00,469 | INFO     | tap-postgres.public-orders | Tap has custom mapper. Using 1 provided map(s). cmd_type=elb consumer=False job_name=dev:tap-postgres-to-target-csv name=tap-postgres producer=True run_id=f4a453f5-9922-4998-8722-9e7f9d75ba3f stdio=stderr string_id=tap-postgres
2025-01-26T22:04:00.470575Z [info     ] 2025-01-26 19:04:00,470 | INFO     | target-csv           | Initializing 'target-csv' target sink... cmd_type=elb consumer=True job_name=dev:tap-postgres-to-target-csv name=target-csv producer=False run_id=f4a453f5-9922-4998-8722-9e7f9d75ba3f stdio=stderr string_id=target-csv
2025-01-26T22:04:00.470716Z [info     ] 2025-01-26 19:04:00,470 | INFO     | target-csv.orders    | Initializing target sink for stream 'orders'... cmd_type=elb consumer=True job_name=dev:tap-postgres-to-target-csv name=target-csv producer=False run_id=f4a453f5-9922-4998-8722-9e7f9d75ba3f stdio=stderr string_id=target-csv
2025-01-26T22:04:00.476322Z [info     ] 2025-01-26 19:04:00,476 | INFO     | target-csv.orders    | Setting up orders cmd_type=elb consumer=True job_name=dev:tap-postgres-to-target-csv name=target-csv producer=False run_id=f4a453f5-9922-4998-8722-9e7f9d75ba3f stdio=stderr string_id=target-csv
2025-01-26T22:04:00.516775Z [info     ] 2025-01-26 19:04:00,516 | INFO     | singer_sdk.metrics   | METRIC: {"type": "timer", "metric": "sync_duration", "value": 0.046617984771728516, "tags": {"stream": "public-orders", "pid": 41723, "context": {}, "status": "succeeded"}} cmd_type=elb consumer=False job_name=dev:tap-postgres-to-target-csv name=tap-postgres producer=True run_id=f4a453f5-9922-4998-8722-9e7f9d75ba3f stdio=stderr string_id=tap-postgres
2025-01-26T22:04:00.517036Z [info     ] 2025-01-26 19:04:00,516 | INFO     | singer_sdk.metrics   | METRIC: {"type": "counter", "metric": "record_count", "value": 830, "tags": {"stream": "public-orders", "pid": 41723, "context": {}}} cmd_type=elb consumer=False job_name=dev:tap-postgres-to-target-csv name=tap-postgres producer=True run_id=f4a453f5-9922-4998-8722-9e7f9d75ba3f stdio=stderr string_id=tap-postgres
2025-01-26T22:04:00.517531Z [info     ] 2025-01-26 19:04:00,516 | INFO     | tap-postgres.public-products | Beginning full_table sync of 'public-products'... cmd_type=elb consumer=False job_name=dev:tap-postgres-to-target-csv name=tap-postgres producer=True run_id=f4a453f5-9922-4998-8722-9e7f9d75ba3f stdio=stderr string_id=tap-postgres
2025-01-26T22:04:00.517632Z [info     ] 2025-01-26 19:04:00,516 | INFO     | tap-postgres.public-products | Tap has custom mapper. Using 1 provided map(s). cmd_type=elb consumer=False job_name=dev:tap-postgres-to-target-csv name=tap-postgres producer=True run_id=f4a453f5-9922-4998-8722-9e7f9d75ba3f stdio=stderr string_id=tap-postgres
2025-01-26T22:04:00.530110Z [info     ] 2025-01-26 19:04:00,529 | INFO     | singer_sdk.metrics   | METRIC: {"type": "timer", "metric": "sync_duration", "value": 0.012679576873779297, "tags": {"stream": "public-products", "pid": 41723, "context": {}, "status": "succeeded"}} cmd_type=elb consumer=False job_name=dev:tap-postgres-to-target-csv name=tap-postgres producer=True run_id=f4a453f5-9922-4998-8722-9e7f9d75ba3f stdio=stderr string_id=tap-postgres
2025-01-26T22:04:00.530350Z [info     ] 2025-01-26 19:04:00,529 | INFO     | singer_sdk.metrics   | METRIC: {"type": "counter", "metric": "record_count", "value": 77, "tags": {"stream": "public-products", "pid": 41723, "context": {}}} cmd_type=elb consumer=False job_name=dev:tap-postgres-to-target-csv name=tap-postgres producer=True run_id=f4a453f5-9922-4998-8722-9e7f9d75ba3f stdio=stderr string_id=tap-postgres
2025-01-26T22:04:00.530479Z [info     ] 2025-01-26 19:04:00,530 | INFO     | tap-postgres.public-region | Beginning full_table sync of 'public-region'... cmd_type=elb consumer=False job_name=dev:tap-postgres-to-target-csv name=tap-postgres producer=True run_id=f4a453f5-9922-4998-8722-9e7f9d75ba3f stdio=stderr string_id=tap-postgres
2025-01-26T22:04:00.530563Z [info     ] 2025-01-26 19:04:00,530 | INFO     | tap-postgres.public-region | Tap has custom mapper. Using 1 provided map(s). cmd_type=elb consumer=False job_name=dev:tap-postgres-to-target-csv name=tap-postgres producer=True run_id=f4a453f5-9922-4998-8722-9e7f9d75ba3f stdio=stderr string_id=tap-postgres
2025-01-26T22:04:00.534652Z [info     ] 2025-01-26 19:04:00,534 | WARNING  | py.warnings          | /home/victor/Desktop/TESTE/code-challenge/.meltano/extractors/tap-postgres/venv/lib/python3.11/site-packages/singer_sdk/connectors/sql.py:1116: SAWarning: Did not recognize type 'bpchar' of column 'region_description' cmd_type=elb consumer=False job_name=dev:tap-postgres-to-target-csv name=tap-postgres producer=True run_id=f4a453f5-9922-4998-8722-9e7f9d75ba3f stdio=stderr string_id=tap-postgres
2025-01-26T22:04:00.534864Z [info     ]   columns = inspector.get_columns(table_name, schema_name) cmd_type=elb consumer=False job_name=dev:tap-postgres-to-target-csv name=tap-postgres producer=True run_id=f4a453f5-9922-4998-8722-9e7f9d75ba3f stdio=stderr string_id=tap-postgres
2025-01-26T22:04:00.535002Z [info     ]                                cmd_type=elb consumer=False job_name=dev:tap-postgres-to-target-csv name=tap-postgres producer=True run_id=f4a453f5-9922-4998-8722-9e7f9d75ba3f stdio=stderr string_id=tap-postgres
2025-01-26T22:04:00.539085Z [info     ] 2025-01-26 19:04:00,538 | INFO     | singer_sdk.metrics   | METRIC: {"type": "timer", "metric": "sync_duration", "value": 0.008674144744873047, "tags": {"stream": "public-region", "pid": 41723, "context": {}, "status": "succeeded"}} cmd_type=elb consumer=False job_name=dev:tap-postgres-to-target-csv name=tap-postgres producer=True run_id=f4a453f5-9922-4998-8722-9e7f9d75ba3f stdio=stderr string_id=tap-postgres
2025-01-26T22:04:00.539329Z [info     ] 2025-01-26 19:04:00,539 | INFO     | singer_sdk.metrics   | METRIC: {"type": "counter", "metric": "record_count", "value": 4, "tags": {"stream": "public-region", "pid": 41723, "context": {}}} cmd_type=elb consumer=False job_name=dev:tap-postgres-to-target-csv name=tap-postgres producer=True run_id=f4a453f5-9922-4998-8722-9e7f9d75ba3f stdio=stderr string_id=tap-postgres
2025-01-26T22:04:00.539479Z [info     ] 2025-01-26 19:04:00,539 | INFO     | tap-postgres.public-shippers | Beginning full_table sync of 'public-shippers'... cmd_type=elb consumer=False job_name=dev:tap-postgres-to-target-csv name=tap-postgres producer=True run_id=f4a453f5-9922-4998-8722-9e7f9d75ba3f stdio=stderr string_id=tap-postgres
2025-01-26T22:04:00.539619Z [info     ] 2025-01-26 19:04:00,539 | INFO     | tap-postgres.public-shippers | Tap has custom mapper. Using 1 provided map(s). cmd_type=elb consumer=False job_name=dev:tap-postgres-to-target-csv name=tap-postgres producer=True run_id=f4a453f5-9922-4998-8722-9e7f9d75ba3f stdio=stderr string_id=tap-postgres
2025-01-26T22:04:00.547015Z [info     ] 2025-01-26 19:04:00,546 | INFO     | singer_sdk.metrics   | METRIC: {"type": "timer", "metric": "sync_duration", "value": 0.007502555847167969, "tags": {"stream": "public-shippers", "pid": 41723, "context": {}, "status": "succeeded"}} cmd_type=elb consumer=False job_name=dev:tap-postgres-to-target-csv name=tap-postgres producer=True run_id=f4a453f5-9922-4998-8722-9e7f9d75ba3f stdio=stderr string_id=tap-postgres
2025-01-26T22:04:00.547221Z [info     ] 2025-01-26 19:04:00,546 | INFO     | singer_sdk.metrics   | METRIC: {"type": "counter", "metric": "record_count", "value": 6, "tags": {"stream": "public-shippers", "pid": 41723, "context": {}}} cmd_type=elb consumer=False job_name=dev:tap-postgres-to-target-csv name=tap-postgres producer=True run_id=f4a453f5-9922-4998-8722-9e7f9d75ba3f stdio=stderr string_id=tap-postgres
2025-01-26T22:04:00.547345Z [info     ] 2025-01-26 19:04:00,547 | INFO     | tap-postgres.public-suppliers | Beginning full_table sync of 'public-suppliers'... cmd_type=elb consumer=False job_name=dev:tap-postgres-to-target-csv name=tap-postgres producer=True run_id=f4a453f5-9922-4998-8722-9e7f9d75ba3f stdio=stderr string_id=tap-postgres
2025-01-26T22:04:00.547482Z [info     ] 2025-01-26 19:04:00,547 | INFO     | tap-postgres.public-suppliers | Tap has custom mapper. Using 1 provided map(s). cmd_type=elb consumer=False job_name=dev:tap-postgres-to-target-csv name=tap-postgres producer=True run_id=f4a453f5-9922-4998-8722-9e7f9d75ba3f stdio=stderr string_id=tap-postgres
2025-01-26T22:04:00.557046Z [info     ] 2025-01-26 19:04:00,556 | INFO     | target-csv           | Initializing 'target-csv' target sink... cmd_type=elb consumer=True job_name=dev:tap-postgres-to-target-csv name=target-csv producer=False run_id=f4a453f5-9922-4998-8722-9e7f9d75ba3f stdio=stderr string_id=target-csv
2025-01-26T22:04:00.557311Z [info     ] 2025-01-26 19:04:00,557 | INFO     | target-csv.products  | Initializing target sink for stream 'products'... cmd_type=elb consumer=True job_name=dev:tap-postgres-to-target-csv name=target-csv producer=False run_id=f4a453f5-9922-4998-8722-9e7f9d75ba3f stdio=stderr string_id=target-csv
2025-01-26T22:04:00.558012Z [info     ] 2025-01-26 19:04:00,557 | INFO     | singer_sdk.metrics   | METRIC: {"type": "timer", "metric": "sync_duration", "value": 0.010527372360229492, "tags": {"stream": "public-suppliers", "pid": 41723, "context": {}, "status": "succeeded"}} cmd_type=elb consumer=False job_name=dev:tap-postgres-to-target-csv name=tap-postgres producer=True run_id=f4a453f5-9922-4998-8722-9e7f9d75ba3f stdio=stderr string_id=tap-postgres
2025-01-26T22:04:00.558141Z [info     ] 2025-01-26 19:04:00,557 | INFO     | singer_sdk.metrics   | METRIC: {"type": "counter", "metric": "record_count", "value": 29, "tags": {"stream": "public-suppliers", "pid": 41723, "context": {}}} cmd_type=elb consumer=False job_name=dev:tap-postgres-to-target-csv name=tap-postgres producer=True run_id=f4a453f5-9922-4998-8722-9e7f9d75ba3f stdio=stderr string_id=tap-postgres
2025-01-26T22:04:00.558339Z [info     ] 2025-01-26 19:04:00,558 | INFO     | tap-postgres.public-territories | Beginning full_table sync of 'public-territories'... cmd_type=elb consumer=False job_name=dev:tap-postgres-to-target-csv name=tap-postgres producer=True run_id=f4a453f5-9922-4998-8722-9e7f9d75ba3f stdio=stderr string_id=tap-postgres
2025-01-26T22:04:00.558428Z [info     ] 2025-01-26 19:04:00,558 | INFO     | tap-postgres.public-territories | Tap has custom mapper. Using 1 provided map(s). cmd_type=elb consumer=False job_name=dev:tap-postgres-to-target-csv name=tap-postgres producer=True run_id=f4a453f5-9922-4998-8722-9e7f9d75ba3f stdio=stderr string_id=tap-postgres
2025-01-26T22:04:00.560531Z [info     ] 2025-01-26 19:04:00,560 | INFO     | target-csv.products  | Setting up products cmd_type=elb consumer=True job_name=dev:tap-postgres-to-target-csv name=target-csv producer=False run_id=f4a453f5-9922-4998-8722-9e7f9d75ba3f stdio=stderr string_id=target-csv
2025-01-26T22:04:00.562059Z [info     ] 2025-01-26 19:04:00,561 | WARNING  | py.warnings          | /home/victor/Desktop/TESTE/code-challenge/.meltano/extractors/tap-postgres/venv/lib/python3.11/site-packages/singer_sdk/connectors/sql.py:1116: SAWarning: Did not recognize type 'bpchar' of column 'territory_description' cmd_type=elb consumer=False job_name=dev:tap-postgres-to-target-csv name=tap-postgres producer=True run_id=f4a453f5-9922-4998-8722-9e7f9d75ba3f stdio=stderr string_id=tap-postgres
2025-01-26T22:04:00.562167Z [info     ]   columns = inspector.get_columns(table_name, schema_name) cmd_type=elb consumer=False job_name=dev:tap-postgres-to-target-csv name=tap-postgres producer=True run_id=f4a453f5-9922-4998-8722-9e7f9d75ba3f stdio=stderr string_id=tap-postgres
2025-01-26T22:04:00.562255Z [info     ]                                cmd_type=elb consumer=False job_name=dev:tap-postgres-to-target-csv name=tap-postgres producer=True run_id=f4a453f5-9922-4998-8722-9e7f9d75ba3f stdio=stderr string_id=tap-postgres
2025-01-26T22:04:00.565706Z [info     ] 2025-01-26 19:04:00,565 | INFO     | target-csv           | Initializing 'target-csv' target sink... cmd_type=elb consumer=True job_name=dev:tap-postgres-to-target-csv name=target-csv producer=False run_id=f4a453f5-9922-4998-8722-9e7f9d75ba3f stdio=stderr string_id=target-csv
2025-01-26T22:04:00.565972Z [info     ] 2025-01-26 19:04:00,565 | INFO     | target-csv.region    | Initializing target sink for stream 'region'... cmd_type=elb consumer=True job_name=dev:tap-postgres-to-target-csv name=target-csv producer=False run_id=f4a453f5-9922-4998-8722-9e7f9d75ba3f stdio=stderr string_id=target-csv
2025-01-26T22:04:00.566902Z [info     ] 2025-01-26 19:04:00,566 | INFO     | target-csv.region    | Setting up region cmd_type=elb consumer=True job_name=dev:tap-postgres-to-target-csv name=target-csv producer=False run_id=f4a453f5-9922-4998-8722-9e7f9d75ba3f stdio=stderr string_id=target-csv
2025-01-26T22:04:00.567159Z [info     ] 2025-01-26 19:04:00,567 | INFO     | target-csv           | Initializing 'target-csv' target sink... cmd_type=elb consumer=True job_name=dev:tap-postgres-to-target-csv name=target-csv producer=False run_id=f4a453f5-9922-4998-8722-9e7f9d75ba3f stdio=stderr string_id=target-csv
2025-01-26T22:04:00.567316Z [info     ] 2025-01-26 19:04:00,567 | INFO     | target-csv.shippers  | Initializing target sink for stream 'shippers'... cmd_type=elb consumer=True job_name=dev:tap-postgres-to-target-csv name=target-csv producer=False run_id=f4a453f5-9922-4998-8722-9e7f9d75ba3f stdio=stderr string_id=target-csv
2025-01-26T22:04:00.568533Z [info     ] 2025-01-26 19:04:00,568 | INFO     | target-csv.shippers  | Setting up shippers cmd_type=elb consumer=True job_name=dev:tap-postgres-to-target-csv name=target-csv producer=False run_id=f4a453f5-9922-4998-8722-9e7f9d75ba3f stdio=stderr string_id=target-csv
2025-01-26T22:04:00.568963Z [info     ] 2025-01-26 19:04:00,568 | INFO     | target-csv           | Initializing 'target-csv' target sink... cmd_type=elb consumer=True job_name=dev:tap-postgres-to-target-csv name=target-csv producer=False run_id=f4a453f5-9922-4998-8722-9e7f9d75ba3f stdio=stderr string_id=target-csv
2025-01-26T22:04:00.569141Z [info     ] 2025-01-26 19:04:00,568 | INFO     | target-csv.suppliers | Initializing target sink for stream 'suppliers'... cmd_type=elb consumer=True job_name=dev:tap-postgres-to-target-csv name=target-csv producer=False run_id=f4a453f5-9922-4998-8722-9e7f9d75ba3f stdio=stderr string_id=target-csv
2025-01-26T22:04:00.569820Z [info     ] 2025-01-26 19:04:00,569 | INFO     | singer_sdk.metrics   | METRIC: {"type": "timer", "metric": "sync_duration", "value": 0.011359453201293945, "tags": {"stream": "public-territories", "pid": 41723, "context": {}, "status": "succeeded"}} cmd_type=elb consumer=False job_name=dev:tap-postgres-to-target-csv name=tap-postgres producer=True run_id=f4a453f5-9922-4998-8722-9e7f9d75ba3f stdio=stderr string_id=tap-postgres
2025-01-26T22:04:00.570018Z [info     ] 2025-01-26 19:04:00,569 | INFO     | singer_sdk.metrics   | METRIC: {"type": "counter", "metric": "record_count", "value": 53, "tags": {"stream": "public-territories", "pid": 41723, "context": {}}} cmd_type=elb consumer=False job_name=dev:tap-postgres-to-target-csv name=tap-postgres producer=True run_id=f4a453f5-9922-4998-8722-9e7f9d75ba3f stdio=stderr string_id=tap-postgres
2025-01-26T22:04:00.570197Z [info     ] 2025-01-26 19:04:00,570 | INFO     | tap-postgres.public-us_states | Beginning full_table sync of 'public-us_states'... cmd_type=elb consumer=False job_name=dev:tap-postgres-to-target-csv name=tap-postgres producer=True run_id=f4a453f5-9922-4998-8722-9e7f9d75ba3f stdio=stderr string_id=tap-postgres
2025-01-26T22:04:00.570330Z [info     ] 2025-01-26 19:04:00,570 | INFO     | tap-postgres.public-us_states | Tap has custom mapper. Using 1 provided map(s). cmd_type=elb consumer=False job_name=dev:tap-postgres-to-target-csv name=tap-postgres producer=True run_id=f4a453f5-9922-4998-8722-9e7f9d75ba3f stdio=stderr string_id=tap-postgres
2025-01-26T22:04:00.572918Z [info     ] 2025-01-26 19:04:00,572 | INFO     | target-csv.suppliers | Setting up suppliers cmd_type=elb consumer=True job_name=dev:tap-postgres-to-target-csv name=target-csv producer=False run_id=f4a453f5-9922-4998-8722-9e7f9d75ba3f stdio=stderr string_id=target-csv
2025-01-26T22:04:00.575460Z [info     ] 2025-01-26 19:04:00,575 | INFO     | target-csv           | Initializing 'target-csv' target sink... cmd_type=elb consumer=True job_name=dev:tap-postgres-to-target-csv name=target-csv producer=False run_id=f4a453f5-9922-4998-8722-9e7f9d75ba3f stdio=stderr string_id=target-csv
2025-01-26T22:04:00.575663Z [info     ] 2025-01-26 19:04:00,575 | INFO     | target-csv.territories | Initializing target sink for stream 'territories'... cmd_type=elb consumer=True job_name=dev:tap-postgres-to-target-csv name=target-csv producer=False run_id=f4a453f5-9922-4998-8722-9e7f9d75ba3f stdio=stderr string_id=target-csv
2025-01-26T22:04:00.576722Z [info     ] 2025-01-26 19:04:00,576 | INFO     | target-csv.territories | Setting up territories cmd_type=elb consumer=True job_name=dev:tap-postgres-to-target-csv name=target-csv producer=False run_id=f4a453f5-9922-4998-8722-9e7f9d75ba3f stdio=stderr string_id=target-csv
2025-01-26T22:04:00.578634Z [info     ] 2025-01-26 19:04:00,578 | INFO     | target-csv           | Initializing 'target-csv' target sink... cmd_type=elb consumer=True job_name=dev:tap-postgres-to-target-csv name=target-csv producer=False run_id=f4a453f5-9922-4998-8722-9e7f9d75ba3f stdio=stderr string_id=target-csv
2025-01-26T22:04:00.578825Z [info     ] 2025-01-26 19:04:00,578 | INFO     | target-csv.us_states | Initializing target sink for stream 'us_states'... cmd_type=elb consumer=True job_name=dev:tap-postgres-to-target-csv name=target-csv producer=False run_id=f4a453f5-9922-4998-8722-9e7f9d75ba3f stdio=stderr string_id=target-csv
2025-01-26T22:04:00.580290Z [info     ] 2025-01-26 19:04:00,580 | INFO     | target-csv.us_states | Setting up us_states cmd_type=elb consumer=True job_name=dev:tap-postgres-to-target-csv name=target-csv producer=False run_id=f4a453f5-9922-4998-8722-9e7f9d75ba3f stdio=stderr string_id=target-csv
2025-01-26T22:04:00.581840Z [info     ] 2025-01-26 19:04:00,581 | INFO     | singer_sdk.metrics   | METRIC: {"type": "timer", "metric": "sync_duration", "value": 0.011400222778320312, "tags": {"stream": "public-us_states", "pid": 41723, "context": {}, "status": "succeeded"}} cmd_type=elb consumer=False job_name=dev:tap-postgres-to-target-csv name=tap-postgres producer=True run_id=f4a453f5-9922-4998-8722-9e7f9d75ba3f stdio=stderr string_id=tap-postgres
2025-01-26T22:04:00.582054Z [info     ] 2025-01-26 19:04:00,581 | INFO     | singer_sdk.metrics   | METRIC: {"type": "counter", "metric": "record_count", "value": 51, "tags": {"stream": "public-us_states", "pid": 41723, "context": {}}} cmd_type=elb consumer=False job_name=dev:tap-postgres-to-target-csv name=tap-postgres producer=True run_id=f4a453f5-9922-4998-8722-9e7f9d75ba3f stdio=stderr string_id=tap-postgres
2025-01-26T22:04:00.688612Z [info     ] 2025-01-26 19:04:00,688 | INFO     | target-csv           | Target 'target-csv' completed reading 1234 lines of input (13 schemas, 1207 records, 0 batch manifests, 14 state messages). cmd_type=elb consumer=True job_name=dev:tap-postgres-to-target-csv name=target-csv producer=False run_id=f4a453f5-9922-4998-8722-9e7f9d75ba3f stdio=stderr string_id=target-csv
2025-01-26T22:04:00.691665Z [info     ] 2025-01-26 19:04:00,691 | INFO     | target-csv.categories | Writing to destination file '/data/csv/{{ run_date | format('%Y-%m-%d') }}/{{ stream.name }}/file.csv/categories.csv'... cmd_type=elb consumer=True job_name=dev:tap-postgres-to-target-csv name=target-csv producer=False run_id=f4a453f5-9922-4998-8722-9e7f9d75ba3f stdio=stderr string_id=target-csv
2025-01-26T22:04:00.691829Z [info     ] 2025-01-26 19:04:00,691 | INFO     | target-csv.categories | Writing 8 records to file... cmd_type=elb consumer=True job_name=dev:tap-postgres-to-target-csv name=target-csv producer=False run_id=f4a453f5-9922-4998-8722-9e7f9d75ba3f stdio=stderr string_id=target-csv
2025-01-26T22:04:00.691967Z [info     ] 2025-01-26 19:04:00,691 | INFO     | singer_sdk.metrics   | METRIC: {"type": "timer", "metric": "batch_processing_time", "value": 0.0005588531494140625, "tags": {"stream": "categories", "pid": 41725, "status": "failed"}} cmd_type=elb consumer=True job_name=dev:tap-postgres-to-target-csv name=target-csv producer=False run_id=f4a453f5-9922-4998-8722-9e7f9d75ba3f stdio=stderr string_id=target-csv
2025-01-26T22:04:00.692113Z [info     ] 2025-01-26 19:04:00,691 | INFO     | target-csv.employee_territories | Writing to destination file '/data/csv/{{ run_date | format('%Y-%m-%d') }}/{{ stream.name }}/file.csv/employee_territories.csv'... cmd_type=elb consumer=True job_name=dev:tap-postgres-to-target-csv name=target-csv producer=False run_id=f4a453f5-9922-4998-8722-9e7f9d75ba3f stdio=stderr string_id=target-csv
2025-01-26T22:04:00.692220Z [info     ] 2025-01-26 19:04:00,692 | INFO     | target-csv.employee_territories | Writing 49 records to file... cmd_type=elb consumer=True job_name=dev:tap-postgres-to-target-csv name=target-csv producer=False run_id=f4a453f5-9922-4998-8722-9e7f9d75ba3f stdio=stderr string_id=target-csv
2025-01-26T22:04:00.692345Z [info     ] 2025-01-26 19:04:00,692 | INFO     | target-csv.customers | Writing to destination file '/data/csv/{{ run_date | format('%Y-%m-%d') }}/{{ stream.name }}/file.csv/customers.csv'... cmd_type=elb consumer=True job_name=dev:tap-postgres-to-target-csv name=target-csv producer=False run_id=f4a453f5-9922-4998-8722-9e7f9d75ba3f stdio=stderr string_id=target-csv
2025-01-26T22:04:00.692449Z [info     ] 2025-01-26 19:04:00,692 | INFO     | target-csv.customers | Writing 91 records to file... cmd_type=elb consumer=True job_name=dev:tap-postgres-to-target-csv name=target-csv producer=False run_id=f4a453f5-9922-4998-8722-9e7f9d75ba3f stdio=stderr string_id=target-csv
2025-01-26T22:04:00.692548Z [info     ] 2025-01-26 19:04:00,692 | INFO     | singer_sdk.metrics   | METRIC: {"type": "timer", "metric": "batch_processing_time", "value": 0.0009434223175048828, "tags": {"stream": "customers", "pid": 41725, "status": "failed"}} cmd_type=elb consumer=True job_name=dev:tap-postgres-to-target-csv name=target-csv producer=False run_id=f4a453f5-9922-4998-8722-9e7f9d75ba3f stdio=stderr string_id=target-csv
2025-01-26T22:04:00.692670Z [info     ] 2025-01-26 19:04:00,692 | INFO     | target-csv.employees | Writing to destination file '/data/csv/{{ run_date | format('%Y-%m-%d') }}/{{ stream.name }}/file.csv/employees.csv'... cmd_type=elb consumer=True job_name=dev:tap-postgres-to-target-csv name=target-csv producer=False run_id=f4a453f5-9922-4998-8722-9e7f9d75ba3f stdio=stderr string_id=target-csv
2025-01-26T22:04:00.692770Z [info     ] 2025-01-26 19:04:00,692 | INFO     | target-csv.employees | Writing 9 records to file... cmd_type=elb consumer=True job_name=dev:tap-postgres-to-target-csv name=target-csv producer=False run_id=f4a453f5-9922-4998-8722-9e7f9d75ba3f stdio=stderr string_id=target-csv
2025-01-26T22:04:00.692878Z [info     ] 2025-01-26 19:04:00,692 | INFO     | singer_sdk.metrics   | METRIC: {"type": "timer", "metric": "batch_processing_time", "value": 0.0002684593200683594, "tags": {"stream": "employees", "pid": 41725, "status": "failed"}} cmd_type=elb consumer=True job_name=dev:tap-postgres-to-target-csv name=target-csv producer=False run_id=f4a453f5-9922-4998-8722-9e7f9d75ba3f stdio=stderr string_id=target-csv
2025-01-26T22:04:00.692984Z [info     ] 2025-01-26 19:04:00,692 | INFO     | target-csv.orders    | Writing to destination file '/data/csv/{{ run_date | format('%Y-%m-%d') }}/{{ stream.name }}/file.csv/orders.csv'... cmd_type=elb consumer=True job_name=dev:tap-postgres-to-target-csv name=target-csv producer=False run_id=f4a453f5-9922-4998-8722-9e7f9d75ba3f stdio=stderr string_id=target-csv
2025-01-26T22:04:00.693113Z [info     ] 2025-01-26 19:04:00,692 | INFO     | target-csv.orders    | Writing 830 records to file... cmd_type=elb consumer=True job_name=dev:tap-postgres-to-target-csv name=target-csv producer=False run_id=f4a453f5-9922-4998-8722-9e7f9d75ba3f stdio=stderr string_id=target-csv
2025-01-26T22:04:00.693218Z [info     ] 2025-01-26 19:04:00,693 | INFO     | singer_sdk.metrics   | METRIC: {"type": "timer", "metric": "batch_processing_time", "value": 0.0002300739288330078, "tags": {"stream": "orders", "pid": 41725, "status": "failed"}} cmd_type=elb consumer=True job_name=dev:tap-postgres-to-target-csv name=target-csv producer=False run_id=f4a453f5-9922-4998-8722-9e7f9d75ba3f stdio=stderr string_id=target-csv
2025-01-26T22:04:00.693352Z [info     ] 2025-01-26 19:04:00,693 | INFO     | singer_sdk.metrics   | METRIC: {"type": "timer", "metric": "batch_processing_time", "value": 0.001817941665649414, "tags": {"stream": "employee_territories", "pid": 41725, "status": "failed"}} cmd_type=elb consumer=True job_name=dev:tap-postgres-to-target-csv name=target-csv producer=False run_id=f4a453f5-9922-4998-8722-9e7f9d75ba3f stdio=stderr string_id=target-csv
2025-01-26T22:04:00.693760Z [info     ] 2025-01-26 19:04:00,693 | INFO     | target-csv.region    | Writing to destination file '/data/csv/{{ run_date | format('%Y-%m-%d') }}/{{ stream.name }}/file.csv/region.csv'... cmd_type=elb consumer=True job_name=dev:tap-postgres-to-target-csv name=target-csv producer=False run_id=f4a453f5-9922-4998-8722-9e7f9d75ba3f stdio=stderr string_id=target-csv
2025-01-26T22:04:00.693914Z [info     ] 2025-01-26 19:04:00,693 | INFO     | target-csv.region    | Writing 4 records to file... cmd_type=elb consumer=True job_name=dev:tap-postgres-to-target-csv name=target-csv producer=False run_id=f4a453f5-9922-4998-8722-9e7f9d75ba3f stdio=stderr string_id=target-csv
2025-01-26T22:04:00.694039Z [info     ] 2025-01-26 19:04:00,693 | INFO     | singer_sdk.metrics   | METRIC: {"type": "timer", "metric": "batch_processing_time", "value": 0.00031185150146484375, "tags": {"stream": "region", "pid": 41725, "status": "failed"}} cmd_type=elb consumer=True job_name=dev:tap-postgres-to-target-csv name=target-csv producer=False run_id=f4a453f5-9922-4998-8722-9e7f9d75ba3f stdio=stderr string_id=target-csv
2025-01-26T22:04:00.694188Z [info     ] 2025-01-26 19:04:00,693 | INFO     | target-csv.products  | Writing to destination file '/data/csv/{{ run_date | format('%Y-%m-%d') }}/{{ stream.name }}/file.csv/products.csv'... cmd_type=elb consumer=True job_name=dev:tap-postgres-to-target-csv name=target-csv producer=False run_id=f4a453f5-9922-4998-8722-9e7f9d75ba3f stdio=stderr string_id=target-csv
2025-01-26T22:04:00.694285Z [info     ] 2025-01-26 19:04:00,694 | INFO     | target-csv.products  | Writing 77 records to file... cmd_type=elb consumer=True job_name=dev:tap-postgres-to-target-csv name=target-csv producer=False run_id=f4a453f5-9922-4998-8722-9e7f9d75ba3f stdio=stderr string_id=target-csv
2025-01-26T22:04:00.694383Z [info     ] 2025-01-26 19:04:00,694 | INFO     | singer_sdk.metrics   | METRIC: {"type": "timer", "metric": "batch_processing_time", "value": 0.0008709430694580078, "tags": {"stream": "products", "pid": 41725, "status": "failed"}} cmd_type=elb consumer=True job_name=dev:tap-postgres-to-target-csv name=target-csv producer=False run_id=f4a453f5-9922-4998-8722-9e7f9d75ba3f stdio=stderr string_id=target-csv
2025-01-26T22:04:00.694913Z [info     ] 2025-01-26 19:04:00,694 | INFO     | target-csv.shippers  | Writing to destination file '/data/csv/{{ run_date | format('%Y-%m-%d') }}/{{ stream.name }}/file.csv/shippers.csv'... cmd_type=elb consumer=True job_name=dev:tap-postgres-to-target-csv name=target-csv producer=False run_id=f4a453f5-9922-4998-8722-9e7f9d75ba3f stdio=stderr string_id=target-csv
2025-01-26T22:04:00.695040Z [info     ] 2025-01-26 19:04:00,694 | INFO     | target-csv.shippers  | Writing 6 records to file... cmd_type=elb consumer=True job_name=dev:tap-postgres-to-target-csv name=target-csv producer=False run_id=f4a453f5-9922-4998-8722-9e7f9d75ba3f stdio=stderr string_id=target-csv
2025-01-26T22:04:00.695380Z [info     ] 2025-01-26 19:04:00,695 | INFO     | singer_sdk.metrics   | METRIC: {"type": "timer", "metric": "batch_processing_time", "value": 0.0011997222900390625, "tags": {"stream": "shippers", "pid": 41725, "status": "failed"}} cmd_type=elb consumer=True job_name=dev:tap-postgres-to-target-csv name=target-csv producer=False run_id=f4a453f5-9922-4998-8722-9e7f9d75ba3f stdio=stderr string_id=target-csv
2025-01-26T22:04:00.715379Z [info     ] 2025-01-26 19:04:00,715 | INFO     | target-csv.territories | Writing to destination file '/data/csv/{{ run_date | format('%Y-%m-%d') }}/{{ stream.name }}/file.csv/territories.csv'... cmd_type=elb consumer=True job_name=dev:tap-postgres-to-target-csv name=target-csv producer=False run_id=f4a453f5-9922-4998-8722-9e7f9d75ba3f stdio=stderr string_id=target-csv
2025-01-26T22:04:00.717695Z [info     ] 2025-01-26 19:04:00,716 | INFO     | target-csv.us_states | Writing to destination file '/data/csv/{{ run_date | format('%Y-%m-%d') }}/{{ stream.name }}/file.csv/us_states.csv'... cmd_type=elb consumer=True job_name=dev:tap-postgres-to-target-csv name=target-csv producer=False run_id=f4a453f5-9922-4998-8722-9e7f9d75ba3f stdio=stderr string_id=target-csv
2025-01-26T22:04:00.717845Z [info     ] 2025-01-26 19:04:00,716 | INFO     | target-csv.suppliers | Writing to destination file '/data/csv/{{ run_date | format('%Y-%m-%d') }}/{{ stream.name }}/file.csv/suppliers.csv'... cmd_type=elb consumer=True job_name=dev:tap-postgres-to-target-csv name=target-csv producer=False run_id=f4a453f5-9922-4998-8722-9e7f9d75ba3f stdio=stderr string_id=target-csv
2025-01-26T22:04:00.718039Z [info     ] 2025-01-26 19:04:00,717 | INFO     | target-csv.territories | Writing 53 records to file... cmd_type=elb consumer=True job_name=dev:tap-postgres-to-target-csv name=target-csv producer=False run_id=f4a453f5-9922-4998-8722-9e7f9d75ba3f stdio=stderr string_id=target-csv
2025-01-26T22:04:00.718149Z [info     ] 2025-01-26 19:04:00,717 | INFO     | target-csv.us_states | Writing 51 records to file... cmd_type=elb consumer=True job_name=dev:tap-postgres-to-target-csv name=target-csv producer=False run_id=f4a453f5-9922-4998-8722-9e7f9d75ba3f stdio=stderr string_id=target-csv
2025-01-26T22:04:00.718284Z [info     ] 2025-01-26 19:04:00,717 | INFO     | target-csv.suppliers | Writing 29 records to file... cmd_type=elb consumer=True job_name=dev:tap-postgres-to-target-csv name=target-csv producer=False run_id=f4a453f5-9922-4998-8722-9e7f9d75ba3f stdio=stderr string_id=target-csv
2025-01-26T22:04:00.718426Z [info     ] 2025-01-26 19:04:00,718 | INFO     | singer_sdk.metrics   | METRIC: {"type": "timer", "metric": "batch_processing_time", "value": 0.0030264854431152344, "tags": {"stream": "territories", "pid": 41725, "status": "failed"}} cmd_type=elb consumer=True job_name=dev:tap-postgres-to-target-csv name=target-csv producer=False run_id=f4a453f5-9922-4998-8722-9e7f9d75ba3f stdio=stderr string_id=target-csv
2025-01-26T22:04:00.718567Z [info     ] 2025-01-26 19:04:00,718 | INFO     | singer_sdk.metrics   | METRIC: {"type": "timer", "metric": "batch_processing_time", "value": 0.002331972122192383, "tags": {"stream": "us_states", "pid": 41725, "status": "failed"}} cmd_type=elb consumer=True job_name=dev:tap-postgres-to-target-csv name=target-csv producer=False run_id=f4a453f5-9922-4998-8722-9e7f9d75ba3f stdio=stderr string_id=target-csv
2025-01-26T22:04:00.718724Z [info     ] 2025-01-26 19:04:00,718 | INFO     | singer_sdk.metrics   | METRIC: {"type": "timer", "metric": "batch_processing_time", "value": 0.004395246505737305, "tags": {"stream": "suppliers", "pid": 41725, "status": "failed"}} cmd_type=elb consumer=True job_name=dev:tap-postgres-to-target-csv name=target-csv producer=False run_id=f4a453f5-9922-4998-8722-9e7f9d75ba3f stdio=stderr string_id=target-csv
2025-01-26T22:04:00.721812Z [info     ] joblib.externals.loky.process_executor._RemoteTraceback: cmd_type=elb consumer=True job_name=dev:tap-postgres-to-target-csv name=target-csv producer=False run_id=f4a453f5-9922-4998-8722-9e7f9d75ba3f stdio=stderr string_id=target-csv
2025-01-26T22:04:00.721930Z [info     ] """                            cmd_type=elb consumer=True job_name=dev:tap-postgres-to-target-csv name=target-csv producer=False run_id=f4a453f5-9922-4998-8722-9e7f9d75ba3f stdio=stderr string_id=target-csv
2025-01-26T22:04:00.722028Z [info     ] Traceback (most recent call last): cmd_type=elb consumer=True job_name=dev:tap-postgres-to-target-csv name=target-csv producer=False run_id=f4a453f5-9922-4998-8722-9e7f9d75ba3f stdio=stderr string_id=target-csv
2025-01-26T22:04:00.722110Z [info     ]   File "/usr/lib/python3.11/pathlib.py", line 1116, in mkdir cmd_type=elb consumer=True job_name=dev:tap-postgres-to-target-csv name=target-csv producer=False run_id=f4a453f5-9922-4998-8722-9e7f9d75ba3f stdio=stderr string_id=target-csv
2025-01-26T22:04:00.722186Z [info     ]     os.mkdir(self, mode)       cmd_type=elb consumer=True job_name=dev:tap-postgres-to-target-csv name=target-csv producer=False run_id=f4a453f5-9922-4998-8722-9e7f9d75ba3f stdio=stderr string_id=target-csv
2025-01-26T22:04:00.722260Z [info     ] FileNotFoundError: [Errno 2] No such file or directory: "/data/csv/{{ run_date | format('%Y-%m-%d') }}/{{ stream.name }}/file.csv" cmd_type=elb consumer=True job_name=dev:tap-postgres-to-target-csv name=target-csv producer=False run_id=f4a453f5-9922-4998-8722-9e7f9d75ba3f stdio=stderr string_id=target-csv
2025-01-26T22:04:00.722332Z [info     ]                                cmd_type=elb consumer=True job_name=dev:tap-postgres-to-target-csv name=target-csv producer=False run_id=f4a453f5-9922-4998-8722-9e7f9d75ba3f stdio=stderr string_id=target-csv
2025-01-26T22:04:00.722404Z [info     ] During handling of the above exception, another exception occurred: cmd_type=elb consumer=True job_name=dev:tap-postgres-to-target-csv name=target-csv producer=False run_id=f4a453f5-9922-4998-8722-9e7f9d75ba3f stdio=stderr string_id=target-csv
2025-01-26T22:04:00.722476Z [info     ]                                cmd_type=elb consumer=True job_name=dev:tap-postgres-to-target-csv name=target-csv producer=False run_id=f4a453f5-9922-4998-8722-9e7f9d75ba3f stdio=stderr string_id=target-csv
2025-01-26T22:04:00.722545Z [info     ] Traceback (most recent call last): cmd_type=elb consumer=True job_name=dev:tap-postgres-to-target-csv name=target-csv producer=False run_id=f4a453f5-9922-4998-8722-9e7f9d75ba3f stdio=stderr string_id=target-csv
2025-01-26T22:04:00.722615Z [info     ]   File "/usr/lib/python3.11/pathlib.py", line 1116, in mkdir cmd_type=elb consumer=True job_name=dev:tap-postgres-to-target-csv name=target-csv producer=False run_id=f4a453f5-9922-4998-8722-9e7f9d75ba3f stdio=stderr string_id=target-csv
2025-01-26T22:04:00.722685Z [info     ]     os.mkdir(self, mode)       cmd_type=elb consumer=True job_name=dev:tap-postgres-to-target-csv name=target-csv producer=False run_id=f4a453f5-9922-4998-8722-9e7f9d75ba3f stdio=stderr string_id=target-csv
2025-01-26T22:04:00.722758Z [info     ] FileNotFoundError: [Errno 2] No such file or directory: "/data/csv/{{ run_date | format('%Y-%m-%d') }}/{{ stream.name }}" cmd_type=elb consumer=True job_name=dev:tap-postgres-to-target-csv name=target-csv producer=False run_id=f4a453f5-9922-4998-8722-9e7f9d75ba3f stdio=stderr string_id=target-csv
2025-01-26T22:04:00.722839Z [info     ]                                cmd_type=elb consumer=True job_name=dev:tap-postgres-to-target-csv name=target-csv producer=False run_id=f4a453f5-9922-4998-8722-9e7f9d75ba3f stdio=stderr string_id=target-csv
2025-01-26T22:04:00.722913Z [info     ] During handling of the above exception, another exception occurred: cmd_type=elb consumer=True job_name=dev:tap-postgres-to-target-csv name=target-csv producer=False run_id=f4a453f5-9922-4998-8722-9e7f9d75ba3f stdio=stderr string_id=target-csv
2025-01-26T22:04:00.722993Z [info     ]                                cmd_type=elb consumer=True job_name=dev:tap-postgres-to-target-csv name=target-csv producer=False run_id=f4a453f5-9922-4998-8722-9e7f9d75ba3f stdio=stderr string_id=target-csv
2025-01-26T22:04:00.723070Z [info     ] Traceback (most recent call last): cmd_type=elb consumer=True job_name=dev:tap-postgres-to-target-csv name=target-csv producer=False run_id=f4a453f5-9922-4998-8722-9e7f9d75ba3f stdio=stderr string_id=target-csv
2025-01-26T22:04:00.723142Z [info     ]   File "/usr/lib/python3.11/pathlib.py", line 1116, in mkdir cmd_type=elb consumer=True job_name=dev:tap-postgres-to-target-csv name=target-csv producer=False run_id=f4a453f5-9922-4998-8722-9e7f9d75ba3f stdio=stderr string_id=target-csv
2025-01-26T22:04:00.723210Z [info     ]     os.mkdir(self, mode)       cmd_type=elb consumer=True job_name=dev:tap-postgres-to-target-csv name=target-csv producer=False run_id=f4a453f5-9922-4998-8722-9e7f9d75ba3f stdio=stderr string_id=target-csv
2025-01-26T22:04:00.723283Z [info     ] FileNotFoundError: [Errno 2] No such file or directory: "/data/csv/{{ run_date | format('%Y-%m-%d') }}" cmd_type=elb consumer=True job_name=dev:tap-postgres-to-target-csv name=target-csv producer=False run_id=f4a453f5-9922-4998-8722-9e7f9d75ba3f stdio=stderr string_id=target-csv
2025-01-26T22:04:00.723355Z [info     ]                                cmd_type=elb consumer=True job_name=dev:tap-postgres-to-target-csv name=target-csv producer=False run_id=f4a453f5-9922-4998-8722-9e7f9d75ba3f stdio=stderr string_id=target-csv
2025-01-26T22:04:00.723424Z [info     ] During handling of the above exception, another exception occurred: cmd_type=elb consumer=True job_name=dev:tap-postgres-to-target-csv name=target-csv producer=False run_id=f4a453f5-9922-4998-8722-9e7f9d75ba3f stdio=stderr string_id=target-csv
2025-01-26T22:04:00.723493Z [info     ]                                cmd_type=elb consumer=True job_name=dev:tap-postgres-to-target-csv name=target-csv producer=False run_id=f4a453f5-9922-4998-8722-9e7f9d75ba3f stdio=stderr string_id=target-csv
2025-01-26T22:04:00.723561Z [info     ] Traceback (most recent call last): cmd_type=elb consumer=True job_name=dev:tap-postgres-to-target-csv name=target-csv producer=False run_id=f4a453f5-9922-4998-8722-9e7f9d75ba3f stdio=stderr string_id=target-csv
2025-01-26T22:04:00.723630Z [info     ]   File "/usr/lib/python3.11/pathlib.py", line 1116, in mkdir cmd_type=elb consumer=True job_name=dev:tap-postgres-to-target-csv name=target-csv producer=False run_id=f4a453f5-9922-4998-8722-9e7f9d75ba3f stdio=stderr string_id=target-csv
2025-01-26T22:04:00.723698Z [info     ]     os.mkdir(self, mode)       cmd_type=elb consumer=True job_name=dev:tap-postgres-to-target-csv name=target-csv producer=False run_id=f4a453f5-9922-4998-8722-9e7f9d75ba3f stdio=stderr string_id=target-csv
2025-01-26T22:04:00.723768Z [info     ] FileNotFoundError: [Errno 2] No such file or directory: '/data/csv' cmd_type=elb consumer=True job_name=dev:tap-postgres-to-target-csv name=target-csv producer=False run_id=f4a453f5-9922-4998-8722-9e7f9d75ba3f stdio=stderr string_id=target-csv
2025-01-26T22:04:00.723837Z [info     ]                                cmd_type=elb consumer=True job_name=dev:tap-postgres-to-target-csv name=target-csv producer=False run_id=f4a453f5-9922-4998-8722-9e7f9d75ba3f stdio=stderr string_id=target-csv
2025-01-26T22:04:00.723910Z [info     ] During handling of the above exception, another exception occurred: cmd_type=elb consumer=True job_name=dev:tap-postgres-to-target-csv name=target-csv producer=False run_id=f4a453f5-9922-4998-8722-9e7f9d75ba3f stdio=stderr string_id=target-csv
2025-01-26T22:04:00.723980Z [info     ]                                cmd_type=elb consumer=True job_name=dev:tap-postgres-to-target-csv name=target-csv producer=False run_id=f4a453f5-9922-4998-8722-9e7f9d75ba3f stdio=stderr string_id=target-csv
2025-01-26T22:04:00.724061Z [info     ] Traceback (most recent call last): cmd_type=elb consumer=True job_name=dev:tap-postgres-to-target-csv name=target-csv producer=False run_id=f4a453f5-9922-4998-8722-9e7f9d75ba3f stdio=stderr string_id=target-csv
2025-01-26T22:04:00.724133Z [info     ]   File "/home/victor/Desktop/TESTE/code-challenge/.meltano/loaders/target-csv/venv/lib/python3.11/site-packages/joblib/_utils.py", line 72, in __call__ cmd_type=elb consumer=True job_name=dev:tap-postgres-to-target-csv name=target-csv producer=False run_id=f4a453f5-9922-4998-8722-9e7f9d75ba3f stdio=stderr string_id=target-csv
2025-01-26T22:04:00.724205Z [info     ]     return self.func(**kwargs) cmd_type=elb consumer=True job_name=dev:tap-postgres-to-target-csv name=target-csv producer=False run_id=f4a453f5-9922-4998-8722-9e7f9d75ba3f stdio=stderr string_id=target-csv
2025-01-26T22:04:00.724274Z [info     ]            ^^^^^^^^^^^^^^^^^^^ cmd_type=elb consumer=True job_name=dev:tap-postgres-to-target-csv name=target-csv producer=False run_id=f4a453f5-9922-4998-8722-9e7f9d75ba3f stdio=stderr string_id=target-csv
2025-01-26T22:04:00.724342Z [info     ]   File "/home/victor/Desktop/TESTE/code-challenge/.meltano/loaders/target-csv/venv/lib/python3.11/site-packages/joblib/parallel.py", line 598, in __call__ cmd_type=elb consumer=True job_name=dev:tap-postgres-to-target-csv name=target-csv producer=False run_id=f4a453f5-9922-4998-8722-9e7f9d75ba3f stdio=stderr string_id=target-csv
2025-01-26T22:04:00.724412Z [info     ]     return [func(*args, **kwargs) cmd_type=elb consumer=True job_name=dev:tap-postgres-to-target-csv name=target-csv producer=False run_id=f4a453f5-9922-4998-8722-9e7f9d75ba3f stdio=stderr string_id=target-csv
2025-01-26T22:04:00.724482Z [info     ]            ^^^^^^^^^^^^^^^^^^^^^^ cmd_type=elb consumer=True job_name=dev:tap-postgres-to-target-csv name=target-csv producer=False run_id=f4a453f5-9922-4998-8722-9e7f9d75ba3f stdio=stderr string_id=target-csv
2025-01-26T22:04:00.724550Z [info     ]   File "/home/victor/Desktop/TESTE/code-challenge/.meltano/loaders/target-csv/venv/lib/python3.11/site-packages/joblib/parallel.py", line 598, in <listcomp> cmd_type=elb consumer=True job_name=dev:tap-postgres-to-target-csv name=target-csv producer=False run_id=f4a453f5-9922-4998-8722-9e7f9d75ba3f stdio=stderr string_id=target-csv
2025-01-26T22:04:00.724620Z [info     ]     return [func(*args, **kwargs) cmd_type=elb consumer=True job_name=dev:tap-postgres-to-target-csv name=target-csv producer=False run_id=f4a453f5-9922-4998-8722-9e7f9d75ba3f stdio=stderr string_id=target-csv
2025-01-26T22:04:00.724689Z [info     ]             ^^^^^^^^^^^^^^^^^^^^^ cmd_type=elb consumer=True job_name=dev:tap-postgres-to-target-csv name=target-csv producer=False run_id=f4a453f5-9922-4998-8722-9e7f9d75ba3f stdio=stderr string_id=target-csv
2025-01-26T22:04:00.724756Z [info     ]   File "/home/victor/Desktop/TESTE/code-challenge/.meltano/loaders/target-csv/venv/lib/python3.11/site-packages/singer_sdk/target_base.py", line 527, in _drain_sink cmd_type=elb consumer=True job_name=dev:tap-postgres-to-target-csv name=target-csv producer=False run_id=f4a453f5-9922-4998-8722-9e7f9d75ba3f stdio=stderr string_id=target-csv
2025-01-26T22:04:00.724826Z [info     ]     self.drain_one(sink)       cmd_type=elb consumer=True job_name=dev:tap-postgres-to-target-csv name=target-csv producer=False run_id=f4a453f5-9922-4998-8722-9e7f9d75ba3f stdio=stderr string_id=target-csv
2025-01-26T22:04:00.724900Z [info     ]   File "/home/victor/Desktop/TESTE/code-challenge/.meltano/loaders/target-csv/venv/lib/python3.11/site-packages/singer_sdk/target_base.py", line 517, in drain_one cmd_type=elb consumer=True job_name=dev:tap-postgres-to-target-csv name=target-csv producer=False run_id=f4a453f5-9922-4998-8722-9e7f9d75ba3f stdio=stderr string_id=target-csv
2025-01-26T22:04:00.724970Z [info     ]     sink.process_batch(draining_status) cmd_type=elb consumer=True job_name=dev:tap-postgres-to-target-csv name=target-csv producer=False run_id=f4a453f5-9922-4998-8722-9e7f9d75ba3f stdio=stderr string_id=target-csv
2025-01-26T22:04:00.725054Z [info     ]   File "/home/victor/Desktop/TESTE/code-challenge/.meltano/loaders/target-csv/venv/lib/python3.11/site-packages/target_csv/sinks.py", line 103, in process_batch cmd_type=elb consumer=True job_name=dev:tap-postgres-to-target-csv name=target-csv producer=False run_id=f4a453f5-9922-4998-8722-9e7f9d75ba3f stdio=stderr string_id=target-csv
2025-01-26T22:04:00.725126Z [info     ]     write_csv(                 cmd_type=elb consumer=True job_name=dev:tap-postgres-to-target-csv name=target-csv producer=False run_id=f4a453f5-9922-4998-8722-9e7f9d75ba3f stdio=stderr string_id=target-csv
2025-01-26T22:04:00.725196Z [info     ]   File "/home/victor/Desktop/TESTE/code-challenge/.meltano/loaders/target-csv/venv/lib/python3.11/site-packages/target_csv/serialization.py", line 21, in wrapper cmd_type=elb consumer=True job_name=dev:tap-postgres-to-target-csv name=target-csv producer=False run_id=f4a453f5-9922-4998-8722-9e7f9d75ba3f stdio=stderr string_id=target-csv
2025-01-26T22:04:00.725264Z [info     ]     filepath.parent.mkdir(parents=True, exist_ok=True) cmd_type=elb consumer=True job_name=dev:tap-postgres-to-target-csv name=target-csv producer=False run_id=f4a453f5-9922-4998-8722-9e7f9d75ba3f stdio=stderr string_id=target-csv
2025-01-26T22:04:00.725334Z [info     ]   File "/usr/lib/python3.11/pathlib.py", line 1120, in mkdir cmd_type=elb consumer=True job_name=dev:tap-postgres-to-target-csv name=target-csv producer=False run_id=f4a453f5-9922-4998-8722-9e7f9d75ba3f stdio=stderr string_id=target-csv
2025-01-26T22:04:00.725403Z [info     ]     self.parent.mkdir(parents=True, exist_ok=True) cmd_type=elb consumer=True job_name=dev:tap-postgres-to-target-csv name=target-csv producer=False run_id=f4a453f5-9922-4998-8722-9e7f9d75ba3f stdio=stderr string_id=target-csv
2025-01-26T22:04:00.725471Z [info     ]   File "/usr/lib/python3.11/pathlib.py", line 1120, in mkdir cmd_type=elb consumer=True job_name=dev:tap-postgres-to-target-csv name=target-csv producer=False run_id=f4a453f5-9922-4998-8722-9e7f9d75ba3f stdio=stderr string_id=target-csv
2025-01-26T22:04:00.725539Z [info     ]     self.parent.mkdir(parents=True, exist_ok=True) cmd_type=elb consumer=True job_name=dev:tap-postgres-to-target-csv name=target-csv producer=False run_id=f4a453f5-9922-4998-8722-9e7f9d75ba3f stdio=stderr string_id=target-csv
2025-01-26T22:04:00.725607Z [info     ]   File "/usr/lib/python3.11/pathlib.py", line 1120, in mkdir cmd_type=elb consumer=True job_name=dev:tap-postgres-to-target-csv name=target-csv producer=False run_id=f4a453f5-9922-4998-8722-9e7f9d75ba3f stdio=stderr string_id=target-csv
2025-01-26T22:04:00.725675Z [info     ]     self.parent.mkdir(parents=True, exist_ok=True) cmd_type=elb consumer=True job_name=dev:tap-postgres-to-target-csv name=target-csv producer=False run_id=f4a453f5-9922-4998-8722-9e7f9d75ba3f stdio=stderr string_id=target-csv
2025-01-26T22:04:00.725744Z [info     ]   [Previous line repeated 1 more time] cmd_type=elb consumer=True job_name=dev:tap-postgres-to-target-csv name=target-csv producer=False run_id=f4a453f5-9922-4998-8722-9e7f9d75ba3f stdio=stderr string_id=target-csv
2025-01-26T22:04:00.725814Z [info     ]   File "/usr/lib/python3.11/pathlib.py", line 1116, in mkdir cmd_type=elb consumer=True job_name=dev:tap-postgres-to-target-csv name=target-csv producer=False run_id=f4a453f5-9922-4998-8722-9e7f9d75ba3f stdio=stderr string_id=target-csv
2025-01-26T22:04:00.725889Z [info     ]     os.mkdir(self, mode)       cmd_type=elb consumer=True job_name=dev:tap-postgres-to-target-csv name=target-csv producer=False run_id=f4a453f5-9922-4998-8722-9e7f9d75ba3f stdio=stderr string_id=target-csv
2025-01-26T22:04:00.725962Z [info     ] PermissionError: [Errno 13] Permission denied: '/data' cmd_type=elb consumer=True job_name=dev:tap-postgres-to-target-csv name=target-csv producer=False run_id=f4a453f5-9922-4998-8722-9e7f9d75ba3f stdio=stderr string_id=target-csv
2025-01-26T22:04:00.726042Z [info     ] """                            cmd_type=elb consumer=True job_name=dev:tap-postgres-to-target-csv name=target-csv producer=False run_id=f4a453f5-9922-4998-8722-9e7f9d75ba3f stdio=stderr string_id=target-csv
2025-01-26T22:04:00.726112Z [info     ]                                cmd_type=elb consumer=True job_name=dev:tap-postgres-to-target-csv name=target-csv producer=False run_id=f4a453f5-9922-4998-8722-9e7f9d75ba3f stdio=stderr string_id=target-csv
2025-01-26T22:04:00.726182Z [info     ] The above exception was the direct cause of the following exception: cmd_type=elb consumer=True job_name=dev:tap-postgres-to-target-csv name=target-csv producer=False run_id=f4a453f5-9922-4998-8722-9e7f9d75ba3f stdio=stderr string_id=target-csv
2025-01-26T22:04:00.726294Z [info     ]                                cmd_type=elb consumer=True job_name=dev:tap-postgres-to-target-csv name=target-csv producer=False run_id=f4a453f5-9922-4998-8722-9e7f9d75ba3f stdio=stderr string_id=target-csv
2025-01-26T22:04:00.726372Z [info     ] Traceback (most recent call last): cmd_type=elb consumer=True job_name=dev:tap-postgres-to-target-csv name=target-csv producer=False run_id=f4a453f5-9922-4998-8722-9e7f9d75ba3f stdio=stderr string_id=target-csv
2025-01-26T22:04:00.726441Z [info     ]   File "/home/victor/Desktop/TESTE/code-challenge/.meltano/loaders/target-csv/venv/bin/target-csv", line 8, in <module> cmd_type=elb consumer=True job_name=dev:tap-postgres-to-target-csv name=target-csv producer=False run_id=f4a453f5-9922-4998-8722-9e7f9d75ba3f stdio=stderr string_id=target-csv
2025-01-26T22:04:00.726514Z [info     ]     sys.exit(TargetCSV.cli())  cmd_type=elb consumer=True job_name=dev:tap-postgres-to-target-csv name=target-csv producer=False run_id=f4a453f5-9922-4998-8722-9e7f9d75ba3f stdio=stderr string_id=target-csv
2025-01-26T22:04:00.726631Z [info     ]              ^^^^^^^^^^^^^^^   cmd_type=elb consumer=True job_name=dev:tap-postgres-to-target-csv name=target-csv producer=False run_id=f4a453f5-9922-4998-8722-9e7f9d75ba3f stdio=stderr string_id=target-csv
2025-01-26T22:04:00.726733Z [info     ]   File "/home/victor/Desktop/TESTE/code-challenge/.meltano/loaders/target-csv/venv/lib/python3.11/site-packages/click/core.py", line 1161, in __call__ cmd_type=elb consumer=True job_name=dev:tap-postgres-to-target-csv name=target-csv producer=False run_id=f4a453f5-9922-4998-8722-9e7f9d75ba3f stdio=stderr string_id=target-csv
2025-01-26T22:04:00.726833Z [info     ]     return self.main(*args, **kwargs) cmd_type=elb consumer=True job_name=dev:tap-postgres-to-target-csv name=target-csv producer=False run_id=f4a453f5-9922-4998-8722-9e7f9d75ba3f stdio=stderr string_id=target-csv
2025-01-26T22:04:00.726930Z [info     ]            ^^^^^^^^^^^^^^^^^^^^^^^^^^ cmd_type=elb consumer=True job_name=dev:tap-postgres-to-target-csv name=target-csv producer=False run_id=f4a453f5-9922-4998-8722-9e7f9d75ba3f stdio=stderr string_id=target-csv
2025-01-26T22:04:00.727013Z [info     ]   File "/home/victor/Desktop/TESTE/code-challenge/.meltano/loaders/target-csv/venv/lib/python3.11/site-packages/click/core.py", line 1082, in main cmd_type=elb consumer=True job_name=dev:tap-postgres-to-target-csv name=target-csv producer=False run_id=f4a453f5-9922-4998-8722-9e7f9d75ba3f stdio=stderr string_id=target-csv
2025-01-26T22:04:00.727087Z [info     ]     rv = self.invoke(ctx)      cmd_type=elb consumer=True job_name=dev:tap-postgres-to-target-csv name=target-csv producer=False run_id=f4a453f5-9922-4998-8722-9e7f9d75ba3f stdio=stderr string_id=target-csv
2025-01-26T22:04:00.727164Z [info     ]          ^^^^^^^^^^^^^^^^      cmd_type=elb consumer=True job_name=dev:tap-postgres-to-target-csv name=target-csv producer=False run_id=f4a453f5-9922-4998-8722-9e7f9d75ba3f stdio=stderr string_id=target-csv
2025-01-26T22:04:00.727235Z [info     ]   File "/home/victor/Desktop/TESTE/code-challenge/.meltano/loaders/target-csv/venv/lib/python3.11/site-packages/singer_sdk/plugin_base.py", line 84, in invoke cmd_type=elb consumer=True job_name=dev:tap-postgres-to-target-csv name=target-csv producer=False run_id=f4a453f5-9922-4998-8722-9e7f9d75ba3f stdio=stderr string_id=target-csv
2025-01-26T22:04:00.727305Z [info     ]     return super().invoke(ctx) cmd_type=elb consumer=True job_name=dev:tap-postgres-to-target-csv name=target-csv producer=False run_id=f4a453f5-9922-4998-8722-9e7f9d75ba3f stdio=stderr string_id=target-csv
2025-01-26T22:04:00.727373Z [info     ]            ^^^^^^^^^^^^^^^^^^^ cmd_type=elb consumer=True job_name=dev:tap-postgres-to-target-csv name=target-csv producer=False run_id=f4a453f5-9922-4998-8722-9e7f9d75ba3f stdio=stderr string_id=target-csv
2025-01-26T22:04:00.727442Z [info     ]   File "/home/victor/Desktop/TESTE/code-challenge/.meltano/loaders/target-csv/venv/lib/python3.11/site-packages/click/core.py", line 1443, in invoke cmd_type=elb consumer=True job_name=dev:tap-postgres-to-target-csv name=target-csv producer=False run_id=f4a453f5-9922-4998-8722-9e7f9d75ba3f stdio=stderr string_id=target-csv
2025-01-26T22:04:00.727513Z [info     ]     return ctx.invoke(self.callback, **ctx.params) cmd_type=elb consumer=True job_name=dev:tap-postgres-to-target-csv name=target-csv producer=False run_id=f4a453f5-9922-4998-8722-9e7f9d75ba3f stdio=stderr string_id=target-csv
2025-01-26T22:04:00.727582Z [info     ]            ^^^^^^^^^^^^^^^^^^^^^^^^^^^^^^^^^^^^^^^ cmd_type=elb consumer=True job_name=dev:tap-postgres-to-target-csv name=target-csv producer=False run_id=f4a453f5-9922-4998-8722-9e7f9d75ba3f stdio=stderr string_id=target-csv
2025-01-26T22:04:00.727650Z [info     ]   File "/home/victor/Desktop/TESTE/code-challenge/.meltano/loaders/target-csv/venv/lib/python3.11/site-packages/click/core.py", line 788, in invoke cmd_type=elb consumer=True job_name=dev:tap-postgres-to-target-csv name=target-csv producer=False run_id=f4a453f5-9922-4998-8722-9e7f9d75ba3f stdio=stderr string_id=target-csv
2025-01-26T22:04:00.727719Z [info     ]     return __callback(*args, **kwargs) cmd_type=elb consumer=True job_name=dev:tap-postgres-to-target-csv name=target-csv producer=False run_id=f4a453f5-9922-4998-8722-9e7f9d75ba3f stdio=stderr string_id=target-csv
2025-01-26T22:04:00.727788Z [info     ]            ^^^^^^^^^^^^^^^^^^^^^^^^^^^ cmd_type=elb consumer=True job_name=dev:tap-postgres-to-target-csv name=target-csv producer=False run_id=f4a453f5-9922-4998-8722-9e7f9d75ba3f stdio=stderr string_id=target-csv
2025-01-26T22:04:00.727855Z [info     ]   File "/home/victor/Desktop/TESTE/code-challenge/.meltano/loaders/target-csv/venv/lib/python3.11/site-packages/singer_sdk/target_base.py", line 572, in invoke cmd_type=elb consumer=True job_name=dev:tap-postgres-to-target-csv name=target-csv producer=False run_id=f4a453f5-9922-4998-8722-9e7f9d75ba3f stdio=stderr string_id=target-csv
2025-01-26T22:04:00.727923Z [info     ]     target.listen(file_input)  cmd_type=elb consumer=True job_name=dev:tap-postgres-to-target-csv name=target-csv producer=False run_id=f4a453f5-9922-4998-8722-9e7f9d75ba3f stdio=stderr string_id=target-csv
2025-01-26T22:04:00.728004Z [info     ]   File "/home/victor/Desktop/TESTE/code-challenge/.meltano/loaders/target-csv/venv/lib/python3.11/site-packages/singer_sdk/_singerlib/encoding/_base.py", line 49, in listen cmd_type=elb consumer=True job_name=dev:tap-postgres-to-target-csv name=target-csv producer=False run_id=f4a453f5-9922-4998-8722-9e7f9d75ba3f stdio=stderr string_id=target-csv
2025-01-26T22:04:00.728085Z [info     ]     self._process_endofpipe()  cmd_type=elb consumer=True job_name=dev:tap-postgres-to-target-csv name=target-csv producer=False run_id=f4a453f5-9922-4998-8722-9e7f9d75ba3f stdio=stderr string_id=target-csv
2025-01-26T22:04:00.728162Z [info     ]   File "/home/victor/Desktop/TESTE/code-challenge/.meltano/loaders/target-csv/venv/lib/python3.11/site-packages/singer_sdk/target_base.py", line 323, in _process_endofpipe cmd_type=elb consumer=True job_name=dev:tap-postgres-to-target-csv name=target-csv producer=False run_id=f4a453f5-9922-4998-8722-9e7f9d75ba3f stdio=stderr string_id=target-csv
2025-01-26T22:04:00.728234Z [info     ]     self.drain_all(is_endofpipe=True) cmd_type=elb consumer=True job_name=dev:tap-postgres-to-target-csv name=target-csv producer=False run_id=f4a453f5-9922-4998-8722-9e7f9d75ba3f stdio=stderr string_id=target-csv
2025-01-26T22:04:00.728303Z [info     ]   File "/home/victor/Desktop/TESTE/code-challenge/.meltano/loaders/target-csv/venv/lib/python3.11/site-packages/singer_sdk/target_base.py", line 496, in drain_all cmd_type=elb consumer=True job_name=dev:tap-postgres-to-target-csv name=target-csv producer=False run_id=f4a453f5-9922-4998-8722-9e7f9d75ba3f stdio=stderr string_id=target-csv
2025-01-26T22:04:00.728374Z [info     ]     self._drain_all(list(self._sinks_active.values()), self.max_parallelism) cmd_type=elb consumer=True job_name=dev:tap-postgres-to-target-csv name=target-csv producer=False run_id=f4a453f5-9922-4998-8722-9e7f9d75ba3f stdio=stderr string_id=target-csv
2025-01-26T22:04:00.728443Z [info     ]   File "/home/victor/Desktop/TESTE/code-challenge/.meltano/loaders/target-csv/venv/lib/python3.11/site-packages/singer_sdk/target_base.py", line 530, in _drain_all cmd_type=elb consumer=True job_name=dev:tap-postgres-to-target-csv name=target-csv producer=False run_id=f4a453f5-9922-4998-8722-9e7f9d75ba3f stdio=stderr string_id=target-csv
2025-01-26T22:04:00.728512Z [info     ]     Parallel()(delayed(_drain_sink)(sink=sink) for sink in sink_list) cmd_type=elb consumer=True job_name=dev:tap-postgres-to-target-csv name=target-csv producer=False run_id=f4a453f5-9922-4998-8722-9e7f9d75ba3f stdio=stderr string_id=target-csv
2025-01-26T22:04:00.728580Z [info     ]   File "/home/victor/Desktop/TESTE/code-challenge/.meltano/loaders/target-csv/venv/lib/python3.11/site-packages/joblib/parallel.py", line 2007, in __call__ cmd_type=elb consumer=True job_name=dev:tap-postgres-to-target-csv name=target-csv producer=False run_id=f4a453f5-9922-4998-8722-9e7f9d75ba3f stdio=stderr string_id=target-csv
2025-01-26T22:04:00.728649Z [info     ]     return output if self.return_generator else list(output) cmd_type=elb consumer=True job_name=dev:tap-postgres-to-target-csv name=target-csv producer=False run_id=f4a453f5-9922-4998-8722-9e7f9d75ba3f stdio=stderr string_id=target-csv
2025-01-26T22:04:00.728718Z [info     ]                                                 ^^^^^^^^^^^^ cmd_type=elb consumer=True job_name=dev:tap-postgres-to-target-csv name=target-csv producer=False run_id=f4a453f5-9922-4998-8722-9e7f9d75ba3f stdio=stderr string_id=target-csv
2025-01-26T22:04:00.728786Z [info     ]   File "/home/victor/Desktop/TESTE/code-challenge/.meltano/loaders/target-csv/venv/lib/python3.11/site-packages/joblib/parallel.py", line 1650, in _get_outputs cmd_type=elb consumer=True job_name=dev:tap-postgres-to-target-csv name=target-csv producer=False run_id=f4a453f5-9922-4998-8722-9e7f9d75ba3f stdio=stderr string_id=target-csv
2025-01-26T22:04:00.728874Z [info     ]     yield from self._retrieve() cmd_type=elb consumer=True job_name=dev:tap-postgres-to-target-csv name=target-csv producer=False run_id=f4a453f5-9922-4998-8722-9e7f9d75ba3f stdio=stderr string_id=target-csv
2025-01-26T22:04:00.728949Z [info     ]   File "/home/victor/Desktop/TESTE/code-challenge/.meltano/loaders/target-csv/venv/lib/python3.11/site-packages/joblib/parallel.py", line 1754, in _retrieve cmd_type=elb consumer=True job_name=dev:tap-postgres-to-target-csv name=target-csv producer=False run_id=f4a453f5-9922-4998-8722-9e7f9d75ba3f stdio=stderr string_id=target-csv
2025-01-26T22:04:00.729032Z [info     ]     self._raise_error_fast()   cmd_type=elb consumer=True job_name=dev:tap-postgres-to-target-csv name=target-csv producer=False run_id=f4a453f5-9922-4998-8722-9e7f9d75ba3f stdio=stderr string_id=target-csv
2025-01-26T22:04:00.729126Z [info     ]   File "/home/victor/Desktop/TESTE/code-challenge/.meltano/loaders/target-csv/venv/lib/python3.11/site-packages/joblib/parallel.py", line 1789, in _raise_error_fast cmd_type=elb consumer=True job_name=dev:tap-postgres-to-target-csv name=target-csv producer=False run_id=f4a453f5-9922-4998-8722-9e7f9d75ba3f stdio=stderr string_id=target-csv
2025-01-26T22:04:00.729203Z [info     ]     error_job.get_result(self.timeout) cmd_type=elb consumer=True job_name=dev:tap-postgres-to-target-csv name=target-csv producer=False run_id=f4a453f5-9922-4998-8722-9e7f9d75ba3f stdio=stderr string_id=target-csv
2025-01-26T22:04:00.729273Z [info     ]   File "/home/victor/Desktop/TESTE/code-challenge/.meltano/loaders/target-csv/venv/lib/python3.11/site-packages/joblib/parallel.py", line 745, in get_result cmd_type=elb consumer=True job_name=dev:tap-postgres-to-target-csv name=target-csv producer=False run_id=f4a453f5-9922-4998-8722-9e7f9d75ba3f stdio=stderr string_id=target-csv
2025-01-26T22:04:00.729343Z [info     ]     return self._return_or_raise() cmd_type=elb consumer=True job_name=dev:tap-postgres-to-target-csv name=target-csv producer=False run_id=f4a453f5-9922-4998-8722-9e7f9d75ba3f stdio=stderr string_id=target-csv
2025-01-26T22:04:00.729412Z [info     ]            ^^^^^^^^^^^^^^^^^^^^^^^ cmd_type=elb consumer=True job_name=dev:tap-postgres-to-target-csv name=target-csv producer=False run_id=f4a453f5-9922-4998-8722-9e7f9d75ba3f stdio=stderr string_id=target-csv
2025-01-26T22:04:00.729480Z [info     ]   File "/home/victor/Desktop/TESTE/code-challenge/.meltano/loaders/target-csv/venv/lib/python3.11/site-packages/joblib/parallel.py", line 763, in _return_or_raise cmd_type=elb consumer=True job_name=dev:tap-postgres-to-target-csv name=target-csv producer=False run_id=f4a453f5-9922-4998-8722-9e7f9d75ba3f stdio=stderr string_id=target-csv
2025-01-26T22:04:00.729550Z [info     ]     raise self._result         cmd_type=elb consumer=True job_name=dev:tap-postgres-to-target-csv name=target-csv producer=False run_id=f4a453f5-9922-4998-8722-9e7f9d75ba3f stdio=stderr string_id=target-csv
2025-01-26T22:04:00.729619Z [info     ] PermissionError: [Errno 13] Permission denied: '/data' cmd_type=elb consumer=True job_name=dev:tap-postgres-to-target-csv name=target-csv producer=False run_id=f4a453f5-9922-4998-8722-9e7f9d75ba3f stdio=stderr string_id=target-csv
2025-01-26T22:04:00.880555Z [error    ] Loader failed
2025-01-26T22:04:00.880750Z [error    ] Block run completed.           block_type=ExtractLoadBlocks err=RunnerError('Loader failed') exit_codes={<PluginType.LOADERS: 'loaders'>: 1} set_number=0 success=False
